<?xml version="1.0" encoding="UTF-8"?>
<!-- Generated by org.testng.reporters.JUnitReportReporter -->
<testsuite hostname="DESKTOP-080NALV" failures="0" tests="116" name="com.qainfotech.tap.training.snl.api.BoardTest" time="2.125" errors="0" timestamp="2020-11-11T17:38:25 IST" skipped="0">
  <testcase classname="com.qainfotech.tap.training.snl.api.BoardTest" name="check_If_rollDice_Produces_Result_Between_1_And_6" time="0.014"/>
  <system-out/>
  <testcase classname="com.qainfotech.tap.training.snl.api.BoardTest" name="check_If_rollDice_Produces_Result_Between_1_And_6" time="0.015"/>
  <system-out/>
  <testcase classname="com.qainfotech.tap.training.snl.api.BoardTest" name="check_If_rollDice_Produces_Result_Between_1_And_6" time="0.008"/>
  <system-out/>
  <testcase classname="com.qainfotech.tap.training.snl.api.BoardTest" name="New_Player_Postition_Must_Be_Zero" time="0.014"/>
  <system-out/>
  <testcase classname="com.qainfotech.tap.training.snl.api.BoardTest" name="check_If_rollDice_Produces_Result_Between_1_And_6" time="0.008"/>
  <system-out/>
  <testcase classname="com.qainfotech.tap.training.snl.api.BoardTest" name="check_If_rollDice_Produces_Result_Between_1_And_6" time="0.032"/>
  <system-out/>
  <testcase classname="com.qainfotech.tap.training.snl.api.BoardTest" name="check_If_rollDice_Produces_Result_Between_1_And_6" time="0.012"/>
  <system-out/>
  <testcase classname="com.qainfotech.tap.training.snl.api.BoardTest" name="check_If_rollDice_Produces_Result_Between_1_And_6" time="0.019"/>
  <system-out/>
  <testcase classname="com.qainfotech.tap.training.snl.api.BoardTest" name="check_If_rollDice_Produces_Result_Between_1_And_6" time="0.006"/>
  <system-out/>
  <testcase classname="com.qainfotech.tap.training.snl.api.BoardTest" name="check_If_rollDice_Produces_Result_Between_1_And_6" time="0.011"/>
  <system-out/>
  <testcase classname="com.qainfotech.tap.training.snl.api.BoardTest" name="check_If_rollDice_Produces_Result_Between_1_And_6" time="0.014"/>
  <system-out/>
  <testcase classname="com.qainfotech.tap.training.snl.api.BoardTest" name="check_If_rollDice_Produces_Result_Between_1_And_6" time="0.064"/>
  <system-out/>
  <testcase classname="com.qainfotech.tap.training.snl.api.BoardTest" name="check_If_rollDice_Produces_Result_Between_1_And_6" time="0.007"/>
  <system-out/>
  <testcase classname="com.qainfotech.tap.training.snl.api.BoardTest" name="check_If_rollDice_Produces_Result_Between_1_And_6" time="0.015"/>
  <system-out/>
  <testcase classname="com.qainfotech.tap.training.snl.api.BoardTest" name="check_If_rollDice_Produces_Result_Between_1_And_6" time="0.010"/>
  <system-out/>
  <testcase classname="com.qainfotech.tap.training.snl.api.BoardTest" name="check_If_rollDice_Produces_Result_Between_1_And_6" time="0.008"/>
  <system-out/>
  <testcase classname="com.qainfotech.tap.training.snl.api.BoardTest" name="check_If_rollDice_Produces_Result_Between_1_And_6" time="0.015"/>
  <system-out/>
  <testcase classname="com.qainfotech.tap.training.snl.api.BoardTest" name="check_If_rollDice_Produces_Result_Between_1_And_6" time="0.010"/>
  <system-out/>
  <testcase classname="com.qainfotech.tap.training.snl.api.BoardTest" name="check_If_rollDice_Produces_Result_Between_1_And_6" time="0.010"/>
  <system-out/>
  <testcase classname="com.qainfotech.tap.training.snl.api.BoardTest" name="check_If_rollDice_Produces_Result_Between_1_And_6" time="0.015"/>
  <system-out/>
  <testcase classname="com.qainfotech.tap.training.snl.api.BoardTest" name="New_Player_Postition_Must_Be_Zero" time="0.015"/>
  <system-out/>
  <testcase classname="com.qainfotech.tap.training.snl.api.BoardTest" name="New_Player_Postition_Must_Be_Zero" time="0.012"/>
  <system-out/>
  <testcase classname="com.qainfotech.tap.training.snl.api.BoardTest" name="check_If_rollDice_Produces_Result_Between_1_And_6" time="0.009"/>
  <system-out/>
  <testcase classname="com.qainfotech.tap.training.snl.api.BoardTest" name="check_If_rollDice_Produces_Result_Between_1_And_6" time="0.012"/>
  <system-out/>
  <testcase classname="com.qainfotech.tap.training.snl.api.BoardTest" name="check_If_rollDice_Produces_Result_Between_1_And_6" time="0.008"/>
  <system-out/>
  <testcase classname="com.qainfotech.tap.training.snl.api.BoardTest" name="check_If_rollDice_Produces_Result_Between_1_And_6" time="0.023"/>
  <system-out/>
  <testcase classname="com.qainfotech.tap.training.snl.api.BoardTest" name="check_If_rollDice_Produces_Result_Between_1_And_6" time="0.019"/>
  <system-out/>
  <testcase classname="com.qainfotech.tap.training.snl.api.BoardTest" name="check_If_rollDice_Produces_Result_Between_1_And_6" time="0.015"/>
  <system-out/>
  <testcase classname="com.qainfotech.tap.training.snl.api.BoardTest" name="check_If_rollDice_Produces_Result_Between_1_And_6" time="0.010"/>
  <system-out/>
  <testcase classname="com.qainfotech.tap.training.snl.api.BoardTest" name="check_If_rollDice_Produces_Result_Between_1_And_6" time="0.006"/>
  <system-out/>
  <testcase classname="com.qainfotech.tap.training.snl.api.BoardTest" name="check_If_rollDice_Produces_Result_Between_1_And_6" time="0.013"/>
  <system-out/>
  <testcase classname="com.qainfotech.tap.training.snl.api.BoardTest" name="check_If_rollDice_Produces_Result_Between_1_And_6" time="0.010"/>
  <system-out/>
  <testcase classname="com.qainfotech.tap.training.snl.api.BoardTest" name="check_If_rollDice_Produces_Result_Between_1_And_6" time="0.013"/>
  <system-out/>
  <testcase classname="com.qainfotech.tap.training.snl.api.BoardTest" name="check_If_rollDice_Produces_Result_Between_1_And_6" time="0.312"/>
  <system-out/>
  <testcase classname="com.qainfotech.tap.training.snl.api.BoardTest" name="check_If_rollDice_Produces_Result_Between_1_And_6" time="0.010"/>
  <system-out/>
  <testcase classname="com.qainfotech.tap.training.snl.api.BoardTest" name="check_getData_Returns_Data" time="0.005"/>
  <system-out/>
  <testcase classname="com.qainfotech.tap.training.snl.api.BoardTest" name="check_If_rollDice_Produces_Result_Between_1_And_6" time="0.020"/>
  <system-out/>
  <testcase classname="com.qainfotech.tap.training.snl.api.BoardTest" name="check_If_rollDice_Produces_Result_Between_1_And_6" time="0.009"/>
  <system-out/>
  <testcase classname="com.qainfotech.tap.training.snl.api.BoardTest" name="check_If_rollDice_Produces_Result_Between_1_And_6" time="0.010"/>
  <system-out/>
  <testcase classname="com.qainfotech.tap.training.snl.api.BoardTest" name="check_If_rollDice_Produces_Result_Between_1_And_6" time="0.006"/>
  <system-out/>
  <testcase classname="com.qainfotech.tap.training.snl.api.BoardTest" name="check_If_toString_Returns_String" time="0.008"/>
  <system-out/>
  <testcase classname="com.qainfotech.tap.training.snl.api.BoardTest" name="check_If_rollDice_Produces_Result_Between_1_And_6" time="0.016"/>
  <system-out/>
  <testcase classname="com.qainfotech.tap.training.snl.api.BoardTest" name="check_If_rollDice_Produces_Result_Between_1_And_6" time="0.007"/>
  <system-out/>
  <testcase classname="com.qainfotech.tap.training.snl.api.BoardTest" name="check_If_rollDice_Produces_Result_Between_1_And_6" time="0.011"/>
  <system-out/>
  <testcase classname="com.qainfotech.tap.training.snl.api.BoardTest" name="check_If_rollDice_Produces_Result_Between_1_And_6" time="0.009"/>
  <system-out/>
  <testcase classname="com.qainfotech.tap.training.snl.api.BoardTest" name="check_If_rollDice_Produces_Result_Between_1_And_6" time="0.033"/>
  <system-out/>
  <testcase classname="com.qainfotech.tap.training.snl.api.BoardTest" name="check_If_rollDice_Produces_Result_Between_1_And_6" time="0.012"/>
  <system-out/>
  <testcase classname="com.qainfotech.tap.training.snl.api.BoardTest" name="check_If_rollDice_Produces_Result_Between_1_And_6" time="0.010"/>
  <system-out/>
  <testcase classname="com.qainfotech.tap.training.snl.api.BoardTest" name="check_If_rollDice_Produces_Result_Between_1_And_6" time="0.026"/>
  <system-out/>
  <testcase classname="com.qainfotech.tap.training.snl.api.BoardTest" name="New_Player_Postition_Must_Be_Zero" time="0.012"/>
  <system-out/>
  <testcase classname="com.qainfotech.tap.training.snl.api.BoardTest" name="check_If_rollDice_Produces_Result_Between_1_And_6" time="0.012"/>
  <system-out/>
  <testcase classname="com.qainfotech.tap.training.snl.api.BoardTest" name="check_If_rollDice_Produces_Result_Between_1_And_6" time="0.010"/>
  <system-out/>
  <testcase classname="com.qainfotech.tap.training.snl.api.BoardTest" name="check_If_rollDice_Produces_Result_Between_1_And_6" time="0.005"/>
  <system-out/>
  <testcase classname="com.qainfotech.tap.training.snl.api.BoardTest" name="check_If_rollDice_Produces_Result_Between_1_And_6" time="0.011"/>
  <system-out/>
  <testcase classname="com.qainfotech.tap.training.snl.api.BoardTest" name="check_If_rollDice_Produces_Result_Between_1_And_6" time="0.010"/>
  <system-out/>
  <testcase classname="com.qainfotech.tap.training.snl.api.BoardTest" name="New_Player_Postition_Must_Be_Zero" time="0.012"/>
  <system-out/>
  <testcase classname="com.qainfotech.tap.training.snl.api.BoardTest" name="check_If_rollDice_Produces_Result_Between_1_And_6" time="0.024"/>
  <system-out/>
  <testcase classname="com.qainfotech.tap.training.snl.api.BoardTest" name="check_If_rollDice_Produces_Result_Between_1_And_6" time="0.017"/>
  <system-out/>
  <testcase classname="com.qainfotech.tap.training.snl.api.BoardTest" name="check_If_rollDice_Produces_Result_Between_1_And_6" time="0.017"/>
  <system-out/>
  <testcase classname="com.qainfotech.tap.training.snl.api.BoardTest" name="New_Player_Postition_Must_Be_Zero" time="0.010"/>
  <system-out/>
  <testcase classname="com.qainfotech.tap.training.snl.api.BoardTest" name="check_If_rollDice_Produces_Result_Between_1_And_6" time="0.012"/>
  <system-out/>
  <testcase classname="com.qainfotech.tap.training.snl.api.BoardTest" name="register_Player_Should_Throw_Exception_When_Player_With_Same_Name_Exists" time="0.004"/>
  <system-out/>
  <testcase classname="com.qainfotech.tap.training.snl.api.BoardTest" name="check_If_Player_Is_Deleted" time="0.012"/>
  <system-out/>
  <testcase classname="com.qainfotech.tap.training.snl.api.BoardTest" name="check_If_rollDice_Produces_Result_Between_1_And_6" time="0.006"/>
  <system-out/>
  <testcase classname="com.qainfotech.tap.training.snl.api.BoardTest" name="check_If_rollDice_Produces_Result_Between_1_And_6" time="0.017"/>
  <system-out/>
  <testcase classname="com.qainfotech.tap.training.snl.api.BoardTest" name="check_If_rollDice_Produces_Result_Between_1_And_6" time="0.020"/>
  <system-out/>
  <testcase classname="com.qainfotech.tap.training.snl.api.BoardTest" name="check_If_rollDice_Produces_Result_Between_1_And_6" time="0.009"/>
  <system-out/>
  <testcase classname="com.qainfotech.tap.training.snl.api.BoardTest" name="check_If_rollDice_Produces_Result_Between_1_And_6" time="0.009"/>
  <system-out/>
  <testcase classname="com.qainfotech.tap.training.snl.api.BoardTest" name="check_If_rollDice_Produces_Result_Between_1_And_6" time="0.005"/>
  <system-out/>
  <testcase classname="com.qainfotech.tap.training.snl.api.BoardTest" name="check_If_rollDice_Produces_Result_Between_1_And_6" time="0.013"/>
  <system-out/>
  <testcase classname="com.qainfotech.tap.training.snl.api.BoardTest" name="check_If_rollDice_Produces_Result_Between_1_And_6" time="0.055"/>
  <system-out/>
  <testcase classname="com.qainfotech.tap.training.snl.api.BoardTest" name="check_If_rollDice_Produces_Result_Between_1_And_6" time="0.012"/>
  <system-out/>
  <testcase classname="com.qainfotech.tap.training.snl.api.BoardTest" name="check_If_rollDice_Produces_Result_Between_1_And_6" time="0.006"/>
  <system-out/>
  <testcase classname="com.qainfotech.tap.training.snl.api.BoardTest" name="check_If_rollDice_Produces_Result_Between_1_And_6" time="0.028"/>
  <system-out/>
  <testcase classname="com.qainfotech.tap.training.snl.api.BoardTest" name="check_If_rollDice_Produces_Result_Between_1_And_6" time="0.015"/>
  <system-out/>
  <testcase classname="com.qainfotech.tap.training.snl.api.BoardTest" name="check_If_rollDice_Produces_Result_Between_1_And_6" time="0.007"/>
  <system-out/>
  <testcase classname="com.qainfotech.tap.training.snl.api.BoardTest" name="check_If_rollDice_Produces_Result_Between_1_And_6" time="0.012"/>
  <system-out/>
  <testcase classname="com.qainfotech.tap.training.snl.api.BoardTest" name="check_If_rollDice_Produces_Result_Between_1_And_6" time="0.009"/>
  <system-out/>
  <testcase classname="com.qainfotech.tap.training.snl.api.BoardTest" name="check_If_rollDice_Produces_Result_Between_1_And_6" time="0.011"/>
  <system-out/>
  <testcase classname="com.qainfotech.tap.training.snl.api.BoardTest" name="check_If_rollDice_Produces_Result_Between_1_And_6" time="0.014"/>
  <system-out/>
  <testcase classname="com.qainfotech.tap.training.snl.api.BoardTest" name="check_If_rollDice_Produces_Result_Between_1_And_6" time="0.017"/>
  <system-out/>
  <testcase classname="com.qainfotech.tap.training.snl.api.BoardTest" name="check_If_rollDice_Produces_Result_Between_1_And_6" time="0.019"/>
  <system-out/>
  <testcase classname="com.qainfotech.tap.training.snl.api.BoardTest" name="check_If_rollDice_Produces_Result_Between_1_And_6" time="0.012"/>
  <system-out/>
  <testcase classname="com.qainfotech.tap.training.snl.api.BoardTest" name="check_If_rollDice_Produces_Result_Between_1_And_6" time="0.023"/>
  <system-out/>
  <testcase classname="com.qainfotech.tap.training.snl.api.BoardTest" name="check_If_rollDice_Produces_Result_Between_1_And_6" time="0.018"/>
  <system-out/>
  <testcase classname="com.qainfotech.tap.training.snl.api.BoardTest" name="New_Player_Postition_Must_Be_Zero" time="0.048"/>
  <system-out/>
  <testcase classname="com.qainfotech.tap.training.snl.api.BoardTest" name="check_If_rollDice_Produces_Result_Between_1_And_6" time="0.009"/>
  <system-out/>
  <testcase classname="com.qainfotech.tap.training.snl.api.BoardTest" name="check_If_rollDice_Produces_Result_Between_1_And_6" time="0.005"/>
  <system-out/>
  <testcase classname="com.qainfotech.tap.training.snl.api.BoardTest" name="check_If_rollDice_Produces_Result_Between_1_And_6" time="0.017"/>
  <system-out/>
  <testcase classname="com.qainfotech.tap.training.snl.api.BoardTest" name="check_If_rollDice_Produces_Result_Between_1_And_6" time="0.020"/>
  <system-out/>
  <testcase classname="com.qainfotech.tap.training.snl.api.BoardTest" name="check_If_rollDice_Produces_Result_Between_1_And_6" time="0.021"/>
  <system-out/>
  <testcase classname="com.qainfotech.tap.training.snl.api.BoardTest" name="check_If_rollDice_Produces_Result_Between_1_And_6" time="0.017"/>
  <system-out/>
  <testcase classname="com.qainfotech.tap.training.snl.api.BoardTest" name="check_If_rollDice_Produces_Result_Between_1_And_6" time="0.012"/>
  <system-out/>
  <testcase classname="com.qainfotech.tap.training.snl.api.BoardTest" name="check_If_rollDice_Produces_Result_Between_1_And_6" time="0.008"/>
  <system-out/>
  <testcase classname="com.qainfotech.tap.training.snl.api.BoardTest" name="register_Player_Should_Add_New_Player_To_The_Board" time="0.007"/>
  <system-out/>
  <testcase classname="com.qainfotech.tap.training.snl.api.BoardTest" name="check_If_rollDice_Produces_Result_Between_1_And_6" time="0.042"/>
  <system-out/>
  <testcase classname="com.qainfotech.tap.training.snl.api.BoardTest" name="check_If_rollDice_Produces_Result_Between_1_And_6" time="0.025"/>
  <system-out/>
  <testcase classname="com.qainfotech.tap.training.snl.api.BoardTest" name="check_If_rollDice_Produces_Result_Between_1_And_6" time="0.009"/>
  <system-out/>
  <testcase classname="com.qainfotech.tap.training.snl.api.BoardTest" name="check_If_rollDice_Produces_Result_Between_1_And_6" time="0.011"/>
  <system-out/>
  <testcase classname="com.qainfotech.tap.training.snl.api.BoardTest" name="check_If_rollDice_Produces_Result_Between_1_And_6" time="0.017"/>
  <system-out/>
  <testcase classname="com.qainfotech.tap.training.snl.api.BoardTest" name="initialize_Board_An_Empty_Board" time="0.008"/>
  <system-out/>
  <testcase classname="com.qainfotech.tap.training.snl.api.BoardTest" name="check_If_rollDice_Produces_Result_Between_1_And_6" time="0.011"/>
  <system-out/>
  <testcase classname="com.qainfotech.tap.training.snl.api.BoardTest" name="check_If_rollDice_Produces_Result_Between_1_And_6" time="0.011"/>
  <system-out/>
  <testcase classname="com.qainfotech.tap.training.snl.api.BoardTest" name="check_If_rollDice_Produces_Result_Between_1_And_6" time="0.023"/>
  <system-out/>
  <testcase classname="com.qainfotech.tap.training.snl.api.BoardTest" name="New_Player_Postition_Must_Be_Zero" time="0.014"/>
  <system-out/>
  <testcase classname="com.qainfotech.tap.training.snl.api.BoardTest" name="check_If_rollDice_Produces_Result_Between_1_And_6" time="0.013"/>
  <system-out/>
  <testcase classname="com.qainfotech.tap.training.snl.api.BoardTest" name="New_Player_Postition_Must_Be_Zero" time="0.013"/>
  <system-out/>
  <testcase classname="com.qainfotech.tap.training.snl.api.BoardTest" name="New_Player_Postition_Must_Be_Zero" time="0.017"/>
  <system-out/>
  <testcase classname="com.qainfotech.tap.training.snl.api.BoardTest" name="check_If_rollDice_Produces_Result_Between_1_And_6" time="0.011"/>
  <system-out/>
  <testcase classname="com.qainfotech.tap.training.snl.api.BoardTest" name="check_If_rollDice_Produces_Result_Between_1_And_6" time="0.008"/>
  <system-out/>
  <testcase classname="com.qainfotech.tap.training.snl.api.BoardTest" name="check_If_rollDice_Produces_Result_Between_1_And_6" time="0.195"/>
  <system-out/>
  <testcase classname="com.qainfotech.tap.training.snl.api.BoardTest" name="check_If_rollDice_Produces_Result_Between_1_And_6" time="0.010"/>
  <system-out/>
  <testcase classname="com.qainfotech.tap.training.snl.api.BoardTest" name="check_If_rollDice_Produces_Result_Between_1_And_6" time="0.013"/>
  <system-out/>
  <testcase classname="com.qainfotech.tap.training.snl.api.BoardTest" name="check_If_rollDice_Produces_Result_Between_1_And_6" time="0.010"/>
  <system-out/>
  <testcase classname="com.qainfotech.tap.training.snl.api.BoardTest" name="check_If_rollDice_Produces_Result_Between_1_And_6" time="0.013"/>
  <system-out/>
  <testcase classname="com.qainfotech.tap.training.snl.api.BoardTest" name="check_If_rollDice_Produces_Result_Between_1_And_6" time="0.006"/>
  <system-out/>
</testsuite> <!-- com.qainfotech.tap.training.snl.api.BoardTest -->
